<?xml version="1.0" encoding="UTF-8"?>
<!-- Generated by org.testng.reporters.JUnitXMLReporter -->
<testsuite hostname="LAPTOP-2OESOLRI" name="Banking Test" tests="7" failures="1" timestamp="3 May 2021 05:35:23 GMT" time="96.255" errors="0">
  <testcase name="loginTest" time="2.203" classname="com.inetBanking.testCase.TC_LoginTest_001"/>
  <testcase name="loginDDT" time="12.496" classname="com.inetBanking.testCase.TC_LoginDDT_002"/>
  <testcase name="loginDDT" time="9.846" classname="com.inetBanking.testCase.TC_LoginDDT_002"/>
  <testcase name="loginDDT" time="5.245" classname="com.inetBanking.testCase.TC_LoginDDT_002">
    <failure type="junit.framework.AssertionFailedError">
      <![CDATA[junit.framework.AssertionFailedError
	at junit.framework.Assert.fail(Assert.java:47)
	at junit.framework.Assert.assertTrue(Assert.java:20)
	at junit.framework.Assert.assertTrue(Assert.java:27)
	at com.inetBanking.testCase.TC_LoginDDT_002.loginDDT(TC_LoginDDT_002.java:33)
... Removed 24 stack frames]]>
    </failure>
  </testcase> <!-- loginDDT -->
  <testcase name="loginDDT" time="10.259" classname="com.inetBanking.testCase.TC_LoginDDT_002"/>
  <testcase name="loginDDT" time="11.512" classname="com.inetBanking.testCase.TC_LoginDDT_002"/>
  <testcase name="addNewCustomer" time="16.052" classname="com.inetBanking.testCase.TC_AddCustomerTest_003"/>
</testsuite> <!-- Banking Test -->
