<?xml version="1.0" encoding="UTF-8"?>
<!-- Generated by org.testng.reporters.JUnitXMLReporter -->
<testsuite hostname="LAPTOP-2OESOLRI" name="Banking Test(failed)" tests="1" failures="1" timestamp="3 May 2021 04:22:52 GMT" time="44.048" errors="0">
  <testcase name="loginDDT" time="6.953" classname="com.inetBanking.testCase.TC_LoginDDT_002">
    <failure type="junit.framework.AssertionFailedError">
      <![CDATA[junit.framework.AssertionFailedError
	at junit.framework.Assert.fail(Assert.java:47)
	at junit.framework.Assert.assertTrue(Assert.java:20)
	at junit.framework.Assert.assertTrue(Assert.java:27)
	at com.inetBanking.testCase.TC_LoginDDT_002.loginDDT(TC_LoginDDT_002.java:33)
... Removed 24 stack frames]]>
    </failure>
  </testcase> <!-- loginDDT -->
</testsuite> <!-- Banking Test(failed) -->
