<?xml version="1.0" encoding="UTF-8"?>
<testng-results skipped="0" failed="1" total="7" passed="6">
  <reporter-output>
  </reporter-output>
  <suite name="inetBankingV1" duration-ms="96255" started-at="2021-05-03T05:33:47Z" finished-at="2021-05-03T05:35:23Z">
    <groups>
    </groups>
    <test name="Banking Test" duration-ms="96255" started-at="2021-05-03T05:33:47Z" finished-at="2021-05-03T05:35:23Z">
      <class name="com.inetBanking.testCase.TC_LoginDDT_002">
        <test-method status="PASS" signature="setup(java.lang.String)[pri:0, instance:com.inetBanking.testCase.TC_LoginDDT_002@72b6cbcc]" name="setup" is-config="true" duration-ms="5045" started-at="2021-05-03T11:03:58Z" finished-at="2021-05-03T11:04:03Z">
          <params>
            <param index="0">
              <value>
                <![CDATA[chrome]]>
              </value>
            </param>
          </params>
          <reporter-output>
          </reporter-output>
        </test-method> <!-- setup -->
        <test-method status="PASS" signature="loginDDT(java.lang.String, java.lang.String)[pri:0, instance:com.inetBanking.testCase.TC_LoginDDT_002@72b6cbcc]" name="loginDDT" duration-ms="12496" started-at="2021-05-03T11:04:06Z" data-provider="LoginData" finished-at="2021-05-03T11:04:18Z">
          <params>
            <param index="0">
              <value>
                <![CDATA[mngr323831]]>
              </value>
            </param>
            <param index="1">
              <value>
                <![CDATA[YpEdUdA]]>
              </value>
            </param>
          </params>
          <reporter-output>
          </reporter-output>
        </test-method> <!-- loginDDT -->
        <test-method status="PASS" signature="loginDDT(java.lang.String, java.lang.String)[pri:0, instance:com.inetBanking.testCase.TC_LoginDDT_002@72b6cbcc]" name="loginDDT" duration-ms="9846" started-at="2021-05-03T11:04:18Z" data-provider="LoginData" finished-at="2021-05-03T11:04:28Z">
          <params>
            <param index="0">
              <value>
                <![CDATA[mngr324128]]>
              </value>
            </param>
            <param index="1">
              <value>
                <![CDATA[puzybEq]]>
              </value>
            </param>
          </params>
          <reporter-output>
          </reporter-output>
        </test-method> <!-- loginDDT -->
        <test-method status="FAIL" signature="loginDDT(java.lang.String, java.lang.String)[pri:0, instance:com.inetBanking.testCase.TC_LoginDDT_002@72b6cbcc]" name="loginDDT" duration-ms="5245" started-at="2021-05-03T11:04:28Z" data-provider="LoginData" finished-at="2021-05-03T11:04:33Z">
          <params>
            <param index="0">
              <value>
                <![CDATA[mngr32410]]>
              </value>
            </param>
            <param index="1">
              <value>
                <![CDATA[UzAtuzE]]>
              </value>
            </param>
          </params>
          <exception class="junit.framework.AssertionFailedError">
            <full-stacktrace>
              <![CDATA[junit.framework.AssertionFailedError
	at junit.framework.Assert.fail(Assert.java:47)
	at junit.framework.Assert.assertTrue(Assert.java:20)
	at junit.framework.Assert.assertTrue(Assert.java:27)
	at com.inetBanking.testCase.TC_LoginDDT_002.loginDDT(TC_LoginDDT_002.java:33)
	at sun.reflect.NativeMethodAccessorImpl.invoke0(Native Method)
	at sun.reflect.NativeMethodAccessorImpl.invoke(NativeMethodAccessorImpl.java:62)
	at sun.reflect.DelegatingMethodAccessorImpl.invoke(DelegatingMethodAccessorImpl.java:43)
	at java.lang.reflect.Method.invoke(Method.java:498)
	at org.testng.internal.MethodInvocationHelper.invokeMethod(MethodInvocationHelper.java:84)
	at org.testng.internal.Invoker.invokeMethod(Invoker.java:714)
	at org.testng.internal.Invoker.invokeTestMethod(Invoker.java:901)
	at org.testng.internal.Invoker.invokeTestMethods(Invoker.java:1231)
	at org.testng.internal.TestMethodWorker.invokeTestMethods(TestMethodWorker.java:127)
	at org.testng.internal.TestMethodWorker.run(TestMethodWorker.java:111)
	at org.testng.TestRunner.privateRun(TestRunner.java:767)
	at org.testng.TestRunner.run(TestRunner.java:617)
	at org.testng.SuiteRunner.runTest(SuiteRunner.java:334)
	at org.testng.SuiteRunner.runSequentially(SuiteRunner.java:329)
	at org.testng.SuiteRunner.privateRun(SuiteRunner.java:291)
	at org.testng.SuiteRunner.run(SuiteRunner.java:240)
	at org.testng.SuiteRunnerWorker.runSuite(SuiteRunnerWorker.java:52)
	at org.testng.SuiteRunnerWorker.run(SuiteRunnerWorker.java:86)
	at org.testng.TestNG.runSuitesSequentially(TestNG.java:1224)
	at org.testng.TestNG.runSuitesLocally(TestNG.java:1149)
	at org.testng.TestNG.run(TestNG.java:1057)
	at org.testng.remote.AbstractRemoteTestNG.run(AbstractRemoteTestNG.java:126)
	at org.testng.remote.RemoteTestNG.initAndRun(RemoteTestNG.java:137)
	at org.testng.remote.RemoteTestNG.main(RemoteTestNG.java:58)
]]>
            </full-stacktrace>
          </exception> <!-- junit.framework.AssertionFailedError -->
          <reporter-output>
          </reporter-output>
        </test-method> <!-- loginDDT -->
        <test-method status="PASS" signature="loginDDT(java.lang.String, java.lang.String)[pri:0, instance:com.inetBanking.testCase.TC_LoginDDT_002@72b6cbcc]" name="loginDDT" duration-ms="10259" started-at="2021-05-03T11:04:33Z" data-provider="LoginData" finished-at="2021-05-03T11:04:44Z">
          <params>
            <param index="0">
              <value>
                <![CDATA[mngr323831]]>
              </value>
            </param>
            <param index="1">
              <value>
                <![CDATA[YpEdUdA]]>
              </value>
            </param>
          </params>
          <reporter-output>
          </reporter-output>
        </test-method> <!-- loginDDT -->
        <test-method status="PASS" signature="loginDDT(java.lang.String, java.lang.String)[pri:0, instance:com.inetBanking.testCase.TC_LoginDDT_002@72b6cbcc]" name="loginDDT" duration-ms="11512" started-at="2021-05-03T11:04:44Z" data-provider="LoginData" finished-at="2021-05-03T11:04:55Z">
          <params>
            <param index="0">
              <value>
                <![CDATA[mngr324130]]>
              </value>
            </param>
            <param index="1">
              <value>
                <![CDATA[umarUzu]]>
              </value>
            </param>
          </params>
          <reporter-output>
          </reporter-output>
        </test-method> <!-- loginDDT -->
        <test-method status="PASS" signature="tearDown()[pri:0, instance:com.inetBanking.testCase.TC_LoginDDT_002@72b6cbcc]" name="tearDown" is-config="true" duration-ms="756" started-at="2021-05-03T11:04:55Z" finished-at="2021-05-03T11:04:56Z">
          <reporter-output>
          </reporter-output>
        </test-method> <!-- tearDown -->
      </class> <!-- com.inetBanking.testCase.TC_LoginDDT_002 -->
      <class name="com.inetBanking.testCase.TC_LoginTest_001">
        <test-method status="PASS" signature="setup(java.lang.String)[pri:0, instance:com.inetBanking.testCase.TC_LoginTest_001@63e2203c]" name="setup" is-config="true" duration-ms="7738" started-at="2021-05-03T11:03:47Z" finished-at="2021-05-03T11:03:55Z">
          <params>
            <param index="0">
              <value>
                <![CDATA[chrome]]>
              </value>
            </param>
          </params>
          <reporter-output>
          </reporter-output>
        </test-method> <!-- setup -->
        <test-method status="PASS" signature="loginTest()[pri:0, instance:com.inetBanking.testCase.TC_LoginTest_001@63e2203c]" name="loginTest" duration-ms="2203" started-at="2021-05-03T11:03:55Z" finished-at="2021-05-03T11:03:57Z">
          <reporter-output>
          </reporter-output>
        </test-method> <!-- loginTest -->
        <test-method status="PASS" signature="tearDown()[pri:0, instance:com.inetBanking.testCase.TC_LoginTest_001@63e2203c]" name="tearDown" is-config="true" duration-ms="813" started-at="2021-05-03T11:03:57Z" finished-at="2021-05-03T11:03:58Z">
          <reporter-output>
          </reporter-output>
        </test-method> <!-- tearDown -->
      </class> <!-- com.inetBanking.testCase.TC_LoginTest_001 -->
      <class name="com.inetBanking.testCase.TC_AddCustomerTest_003">
        <test-method status="PASS" signature="setup(java.lang.String)[pri:0, instance:com.inetBanking.testCase.TC_AddCustomerTest_003@1dfe2924]" name="setup" is-config="true" duration-ms="10145" started-at="2021-05-03T11:04:56Z" finished-at="2021-05-03T11:05:06Z">
          <params>
            <param index="0">
              <value>
                <![CDATA[chrome]]>
              </value>
            </param>
          </params>
          <reporter-output>
          </reporter-output>
        </test-method> <!-- setup -->
        <test-method status="PASS" signature="addNewCustomer()[pri:0, instance:com.inetBanking.testCase.TC_AddCustomerTest_003@1dfe2924]" name="addNewCustomer" duration-ms="16052" started-at="2021-05-03T11:05:06Z" finished-at="2021-05-03T11:05:22Z">
          <reporter-output>
          </reporter-output>
        </test-method> <!-- addNewCustomer -->
        <test-method status="PASS" signature="tearDown()[pri:0, instance:com.inetBanking.testCase.TC_AddCustomerTest_003@1dfe2924]" name="tearDown" is-config="true" duration-ms="832" started-at="2021-05-03T11:05:22Z" finished-at="2021-05-03T11:05:23Z">
          <reporter-output>
          </reporter-output>
        </test-method> <!-- tearDown -->
      </class> <!-- com.inetBanking.testCase.TC_AddCustomerTest_003 -->
    </test> <!-- Banking Test -->
  </suite> <!-- inetBankingV1 -->
</testng-results>
