<?xml version="1.0" encoding="UTF-8"?>
<testng-results skipped="0" failed="0" total="5" passed="5">
  <reporter-output>
  </reporter-output>
  <suite name="inetBankingV1" duration-ms="69074" started-at="2021-05-06T02:36:58Z" finished-at="2021-05-06T02:38:07Z">
    <groups>
    </groups>
    <test name="Banking Test" duration-ms="69074" started-at="2021-05-06T02:36:58Z" finished-at="2021-05-06T02:38:07Z">
      <class name="com.inetBanking.testCase.TC_LoginDDT_002">
        <test-method status="PASS" signature="setup(java.lang.String)[pri:0, instance:com.inetBanking.testCase.TC_LoginDDT_002@6e6c3152]" name="setup" is-config="true" duration-ms="17194" started-at="2021-05-06T08:06:59Z" finished-at="2021-05-06T08:07:16Z">
          <params>
            <param index="0">
              <value>
                <![CDATA[chrome]]>
              </value>
            </param>
          </params>
          <reporter-output>
          </reporter-output>
        </test-method> <!-- setup -->
        <test-method status="PASS" signature="loginDDT(java.lang.String, java.lang.String)[pri:0, instance:com.inetBanking.testCase.TC_LoginDDT_002@6e6c3152]" name="loginDDT" duration-ms="10717" started-at="2021-05-06T08:07:20Z" data-provider="LoginData" finished-at="2021-05-06T08:07:31Z">
          <params>
            <param index="0">
              <value>
                <![CDATA[mngr323831]]>
              </value>
            </param>
            <param index="1">
              <value>
                <![CDATA[YpEdUdA]]>
              </value>
            </param>
          </params>
          <reporter-output>
          </reporter-output>
        </test-method> <!-- loginDDT -->
        <test-method status="PASS" signature="loginDDT(java.lang.String, java.lang.String)[pri:0, instance:com.inetBanking.testCase.TC_LoginDDT_002@6e6c3152]" name="loginDDT" duration-ms="9982" started-at="2021-05-06T08:07:31Z" data-provider="LoginData" finished-at="2021-05-06T08:07:41Z">
          <params>
            <param index="0">
              <value>
                <![CDATA[mngr324128]]>
              </value>
            </param>
            <param index="1">
              <value>
                <![CDATA[puzybEq]]>
              </value>
            </param>
          </params>
          <reporter-output>
          </reporter-output>
        </test-method> <!-- loginDDT -->
        <test-method status="PASS" signature="loginDDT(java.lang.String, java.lang.String)[pri:0, instance:com.inetBanking.testCase.TC_LoginDDT_002@6e6c3152]" name="loginDDT" duration-ms="5444" started-at="2021-05-06T08:07:41Z" data-provider="LoginData" finished-at="2021-05-06T08:07:46Z">
          <params>
            <param index="0">
              <value>
                <![CDATA[mngr32410]]>
              </value>
            </param>
            <param index="1">
              <value>
                <![CDATA[UzAtuzE]]>
              </value>
            </param>
          </params>
          <reporter-output>
          </reporter-output>
        </test-method> <!-- loginDDT -->
        <test-method status="PASS" signature="loginDDT(java.lang.String, java.lang.String)[pri:0, instance:com.inetBanking.testCase.TC_LoginDDT_002@6e6c3152]" name="loginDDT" duration-ms="10079" started-at="2021-05-06T08:07:46Z" data-provider="LoginData" finished-at="2021-05-06T08:07:56Z">
          <params>
            <param index="0">
              <value>
                <![CDATA[mngr323831]]>
              </value>
            </param>
            <param index="1">
              <value>
                <![CDATA[YpEdUdA]]>
              </value>
            </param>
          </params>
          <reporter-output>
          </reporter-output>
        </test-method> <!-- loginDDT -->
        <test-method status="PASS" signature="loginDDT(java.lang.String, java.lang.String)[pri:0, instance:com.inetBanking.testCase.TC_LoginDDT_002@6e6c3152]" name="loginDDT" duration-ms="9904" started-at="2021-05-06T08:07:56Z" data-provider="LoginData" finished-at="2021-05-06T08:08:06Z">
          <params>
            <param index="0">
              <value>
                <![CDATA[mngr324130]]>
              </value>
            </param>
            <param index="1">
              <value>
                <![CDATA[umarUzu]]>
              </value>
            </param>
          </params>
          <reporter-output>
          </reporter-output>
        </test-method> <!-- loginDDT -->
        <test-method status="PASS" signature="tearDown()[pri:0, instance:com.inetBanking.testCase.TC_LoginDDT_002@6e6c3152]" name="tearDown" is-config="true" duration-ms="1199" started-at="2021-05-06T08:08:06Z" finished-at="2021-05-06T08:08:07Z">
          <reporter-output>
          </reporter-output>
        </test-method> <!-- tearDown -->
      </class> <!-- com.inetBanking.testCase.TC_LoginDDT_002 -->
    </test> <!-- Banking Test -->
  </suite> <!-- inetBankingV1 -->
</testng-results>
